<?xml version="1.0" encoding="UTF-8"?>
<!-- Generated by org.testng.reporters.JUnitReportReporter -->
<testsuite hostname="HP" failures="0" tests="1" name="TestCaseOfSaleForces.SignUpTestCase" time="25.888" errors="0" timestamp="2022-12-11T10:58:23 IST" skipped="0">
  <testcase classname="TestCaseOfSaleForces.SignUpTestCase" name="SignUpPage" time="25.888"/>
  <system-out/>
</testsuite> <!-- TestCaseOfSaleForces.SignUpTestCase -->
